<?xml version="1.0" encoding="UTF-8"?>
<testsuite name="co.edu.uvpalmira.fpoe.persistencia.AsignaturaDAOTest" tests="1" skipped="0" failures="0" errors="0" timestamp="2026-05-20T22:27:41" hostname="PAL-53990062" time="1.662">
  <properties/>
  <testcase name="testBuscarPorCodigo" classname="co.edu.uvpalmira.fpoe.persistencia.AsignaturaDAOTest" time="1.662"/>
  <system-out><![CDATA[[EL Info]: 2026-05-20 17:27:42.83--ServerSession(725617616)--EclipseLink, version: Eclipse Persistence Services - 4.0.8.v202509250753-f4449e70fdbe80ebeabd5e04bd3ad95033bf75b6
insertar
1
]]></system-out>
  <system-err><![CDATA[]]></system-err>
</testsuite>
